\BOOKMARK [1][-]{section.1}{\376\377\000S\000U\000M\000M\000A\000R\000Y}{}% 1
\BOOKMARK [1][-]{section.2}{\376\377\000E\000M\000P\000L\000O\000Y\000M\000E\000N\000T\000\040\000H\000I\000S\000T\000O\000R\000Y}{}% 2
\BOOKMARK [2][-]{subsection.2.1}{\376\377\000D\000e\000c\000.\0002\0000\0002\0002\000\176\000T\000o\000d\000a\000y\000:\000\040\000T\000a\000t\000a\000\040\000T\000e\000c\000h\000n\000o\000l\000o\000g\000i\000e\000s\000\040\000N\000o\000r\000d\000i\000c\000s\000\040\000A\000B\000\040\000[\000G\000\366\000t\000e\000b\000o\000r\000g\000,\000\040\000S\000v\000e\000r\000i\000g\000e\000]}{section.2}% 3
\BOOKMARK [2][-]{subsection.2.2}{\376\377\000J\000a\000n\000.\0002\0000\0001\0008\000\176\000D\000e\000c\000.\0002\0000\0002\0002\000:\000\040\000G\000e\000e\000l\000y\000\040\000R\000e\000s\000e\000a\000r\000c\000h\000\040\000I\000n\000s\000t\000i\000t\000u\000t\000e\000\040\000[\000H\000a\000n\000g\000z\000h\000o\000u\000w\000a\000n\000,\000\040\000Z\000h\000e\000j\000i\000a\000n\000g\000,\000\040\000C\000h\000i\000n\000a\000]}{section.2}% 4
\BOOKMARK [2][-]{subsection.2.3}{\376\377\000A\000u\000g\000.\0002\0000\0001\0002\000\176\000D\000e\000c\000.\0002\0000\0001\0007\000:\000\040\000H\000y\000u\000n\000d\000a\000i\000\040\000A\000u\000t\000r\000o\000n\000\040\000[\000P\000a\000n\000g\000y\000o\000,\000\040\000K\000o\000r\000e\000a\000]}{section.2}% 5
\BOOKMARK [2][-]{subsection.2.4}{\376\377\000A\000p\000r\000.\0002\0000\0000\0009\000\176\000J\000u\000l\000.\0002\0000\0001\0002\000:\000\040\000M\000a\000n\000d\000o\000\040\000H\000e\000l\000l\000a\000\040\000E\000l\000e\000c\000t\000r\000o\000n\000i\000c\000s\000\040\000[\000S\000o\000n\000g\000d\000o\000,\000\040\000K\000o\000r\000e\000a\000]}{section.2}% 6
\BOOKMARK [2][-]{subsection.2.5}{\376\377\000A\000p\000r\000.\0002\0000\0000\0004\000\176\000S\000e\000p\000.\0002\0000\0000\0007\000:\000\040\000S\000I\000E\000M\000E\000N\000S\000\040\000V\000D\000O\000\040\000H\000A\000L\000L\000A\000\040\000[\000S\000e\000j\000o\000n\000g\000,\000\040\000K\000o\000r\000e\000a\000]}{section.2}% 7
\BOOKMARK [2][-]{subsection.2.6}{\376\377\000S\000e\000p\000.\0002\0000\0000\0002\000\176\000M\000a\000r\000.\0002\0000\0000\0004\000:\000\040\000M\000i\000l\000i\000t\000a\000r\000y\000\040\000\046\000\040\000S\000p\000a\000c\000e\000\040\000c\000o\000.\000\040\000[\000S\000e\000o\000u\000l\000,\000\040\000K\000o\000r\000e\000a\000]}{section.2}% 8
\BOOKMARK [1][-]{section.3}{\376\377\000R\000E\000L\000A\000T\000E\000D\000\040\000E\000X\000P\000E\000R\000I\000E\000N\000C\000E\000S}{}% 9
\BOOKMARK [2][-]{subsection.3.1}{\376\377\000D\000e\000c\000.\0002\0000\0000\0008\000\176\000M\000a\000r\000.\0002\0000\0000\0009\000,\000\040\000T\000M\000a\000x\000\040\000E\000l\000e\000c\000t\000r\000o\000n\000i\000c\000s\000,\000\040\000L\000o\000n\000d\000o\000n\000,\000\040\000U\000.\000K\000.}{section.3}% 10
\BOOKMARK [2][-]{subsection.3.2}{\376\377\000O\000c\000t\000.\0002\0000\0000\0001\000\176\000S\000e\000p\000.\0002\0000\0000\0002\000,\000\040\000N\000o\000r\000t\000h\000w\000o\000o\000d\000\040\000H\000e\000a\000l\000t\000h\000\040\000S\000y\000s\000t\000e\000m\000,\000\040\000W\000e\000s\000t\000\040\000V\000i\000r\000g\000i\000n\000i\000a\000,\000\040\000U\000.\000S\000.}{section.3}% 11
\BOOKMARK [2][-]{subsection.3.3}{\376\377\000M\000a\000y\000.\0002\0000\0000\0000\000\176\000S\000e\000p\000.\0002\0000\0000\0000\000,\000\040\000A\000l\000t\000e\000r\000n\000a\000t\000i\000v\000a\000s\000,\000\040\000Q\000u\000e\000t\000z\000a\000l\000t\000e\000n\000a\000n\000g\000o\000,\000\040\000G\000u\000a\000t\000e\000m\000a\000l\000a}{section.3}% 12
\BOOKMARK [2][-]{subsection.3.4}{\376\377\000O\000c\000t\000.\0001\0009\0009\0006\000\176\000D\000e\000c\000.\0001\0009\0009\0008\000,\000\040\000R\000e\000p\000u\000b\000l\000i\000c\000\040\000O\000f\000\040\000K\000o\000r\000e\000a\000\040\000A\000r\000m\000y\000,\000\040\000G\000y\000e\000o\000n\000g\000g\000i\000-\000d\000o\000,\000\040\000K\000o\000r\000e\000a}{section.3}% 13
\BOOKMARK [1][-]{section.4}{\376\377\000E\000D\000U\000C\000A\000T\000I\000O\000N}{}% 14
\BOOKMARK [2][-]{subsection.4.1}{\376\377\000S\000e\000p\000.\0002\0000\0000\0007\000\176\000N\000o\000v\000.\0002\0000\0000\0008\000,\000\040\000U\000n\000i\000v\000e\000r\000s\000i\000t\000y\000\040\000o\000f\000\040\000S\000o\000u\000t\000h\000a\000m\000p\000t\000o\000n\000,\000\040\000H\000a\000m\000p\000s\000h\000i\000r\000e\000,\000\040\000U\000K}{section.4}% 15
\BOOKMARK [2][-]{subsection.4.2}{\376\377\000J\000a\000n\000.\0002\0000\0000\0001\000\176\000S\000e\000p\000.\0002\0000\0000\0002\000,\000\040\000M\000i\000c\000r\000o\000s\000o\000f\000t\000\040\000N\000e\000t\000w\000o\000r\000k\000\040\000P\000r\000o\000f\000e\000s\000s\000i\000o\000n\000a\000l\000,\000\040\000P\000i\000t\000t\000s\000b\000u\000r\000g\000h\000,\000\040\000U\000S\000A}{section.4}% 16
\BOOKMARK [2][-]{subsection.4.3}{\376\377\000S\000e\000p\000.\0001\0009\0009\0005\000\176\000M\000a\000y\000.\0002\0000\0000\0002\000,\000\040\000W\000h\000e\000e\000l\000i\000n\000g\000\040\000J\000e\000s\000u\000i\000t\000\040\000U\000n\000i\000v\000e\000r\000s\000i\000t\000y\000,\000\040\000W\000e\000s\000t\000\040\000V\000i\000r\000g\000i\000n\000i\000a\000,\000\040\000U\000S\000A}{section.4}% 17
\BOOKMARK [2][-]{subsection.4.4}{\376\377\000S\000e\000p\000.\0001\0009\0009\0002\000\176\000M\000a\000y\000.\0001\0009\0009\0005\000,\000\040\000G\000e\000o\000r\000g\000e\000t\000o\000w\000n\000\040\000P\000r\000e\000p\000a\000r\000a\000t\000o\000r\000y\000\040\000M\000a\000r\000y\000l\000a\000n\000d\000,\000\040\000U\000S\000A}{section.4}% 18
\BOOKMARK [1][-]{section.5}{\376\377\000A\000W\000A\000R\000D\000S}{}% 19
\BOOKMARK [1][-]{section.6}{\376\377\000S\000K\000I\000L\000L\000\040\000S\000E\000T\000S}{}% 20
\BOOKMARK [1][-]{section.7}{\376\377\000L\000A\000N\000G\000U\000A\000G\000E\000\040\000S\000K\000I\000L\000L\000S}{}% 21
\BOOKMARK [1][-]{section.8}{\376\377\000P\000A\000T\000E\000N\000T\000S}{}% 22
